<?xml version="1.0" encoding="UTF-8" standalone="no"?>
<testsuite failures="3" name="cucumber.runtime.formatter.JUnitFormatter" skipped="0" tests="12" time="352.127903">
<testcase classname="To Validate the tiketBooking" name="To Book a Tiket" time="44.363544">
<system-out><![CDATA[Given User Should be Click the Book a Flight................................passed
When User Should be Click the one way check box.............................passed
And User should be click from and print the cities in console and click a canberra city.passed
And User Should be click to and print the dropdown in console and click a sunshine Coast.passed
And User should be click Departure Date and Select One date.................passed
And User should be click the Adult Text box and print the drop down option and click.passed
And User should be click the child text box and print the drop down option and click.passed
And user should be click the infant text box and print the drop down option and click.passed
And User should be click the button Book Now................................passed
Then User Should be navigate to the flight availablity page and verify......passed
]]></system-out>
</testcase>
<testcase classname="To Validate the tiketBooking" name="To Book Return Ticket" time="29.246416">
<system-out><![CDATA[Given User Should be Click the Book a Flight................................passed
When User Should be Click the Return check box..............................passed
And User should be click from and print the cities in console and click a canberra city.passed
And User Should be click to and print the dropdown in console and click a sunshine Coast.passed
And User should be click Departure Date and Select One date.................passed
And user should be click Return Date and Select one Date....................passed
And User should be click the Adult Text box and print the drop down option and click.passed
And User should be click the child text box and print the drop down option and click.passed
And user should be click the infant text box and print the drop down option and click.passed
And User should be click the button Book Now................................passed
Then User Should be navigate to the flight availablity page and verify......passed
]]></system-out>
</testcase>
<testcase classname="To Validate Login Functionality of Alliance Airlines Page" name="Validate the Login page invalid Agency name invalid User id invalid pass" time="38.908516">
<system-out><![CDATA[Given User Should be launch Browser and load The Alliance page Url..........passed
When User Should go to click Corporate Login................................passed
And print the tittle  of Login page.........................................passed
And print the current url of Login page.....................................passed
And User Should type the invalid agency name................................passed
And User Should type the invalid user id....................................passed
And User should type the invalid password...................................passed
And User Should Click login button..........................................passed
Then User Should Show to Incorrect user and pass............................passed
]]></system-out>
</testcase>
<testcase classname="To Validate the Home Page button Are Working Fine Or Not" name="Fly With Us button Click and Validate Working or not" time="38.158381">
<system-out><![CDATA[When User Should click the Fly with Us button...............................passed
And The page will be load and print titile & url............................passed
Then User Verify Fly With Us page is load or not............................passed
]]></system-out>
</testcase>
<testcase classname="To Validate the Home Page button Are Working Fine Or Not" name="Aircraft Charter button click and validate working or not" time="45.319449">
<system-out><![CDATA[When User Should click the  button Aircraft Charter.........................passed
And The page will be load and print titile & url............................passed
Then User Verify Aircraft Charter page is load or not.......................passed
]]></system-out>
</testcase>
<testcase classname="To Validate the Home Page button Are Working Fine Or Not" name="Aircraft Sales and Lease button click and validate working or not" time="29.07905">
<system-out><![CDATA[When User Should click the  button Aircraft Sales and Lease.................passed
And The page will be load and print titile & url............................passed
Then User Verify Aircraft Sales and Lease page is load or not...............passed
]]></system-out>
</testcase>
<testcase classname="To Validate the Home Page button Are Working Fine Or Not" name="FAQs button click and validate working or not" time="44.489673">
<system-out><![CDATA[When User Should click the  button FAQs.....................................passed
And The page will be load and print titile & url............................passed
Then User Verify FAQs page is load or not...................................passed
]]></system-out>
</testcase>
<testcase classname="To Validate the Home Page button Are Working Fine Or Not" name="Contact Us button click and validate working or not" time="12.641765">
<system-out><![CDATA[When User Should click the  button Contact Us...............................passed
And The page will be load and print titile & url............................passed
Then User Verify Contact Us page is load or not.............................passed
]]></system-out>
</testcase>
<testcase classname="To Validate the Home Page button Are Working Fine Or Not" name="Charter An Airlines To check the validation" time="24.919443">
<failure message="org.openqa.selenium.ElementNotInteractableException: element not interactable: [object HTMLOptionElement] has no size and location&#10;  (Session info: chrome=97.0.4692.71)&#10;Build info: version: '4.0.0-alpha-1', revision: 'd1d3728cae', time: '2019-04-24T13:42:21'&#10;System info: host: 'DESKTOP-401NSAT', ip: '192.168.42.70', os.name: 'Windows 10', os.arch: 'amd64', os.version: '10.0', java.version: '1.8.0_311'&#10;Driver info: org.openqa.selenium.chrome.ChromeDriver&#10;Capabilities {acceptInsecureCerts: false, browserName: chrome, browserVersion: 97.0.4692.71, chrome: {chromedriverVersion: 97.0.4692.71 (adefa7837d02a..., userDataDir: C:\Users\Asus\AppData\Local...}, goog:chromeOptions: {debuggerAddress: localhost:54880}, javascriptEnabled: true, networkConnectionEnabled: false, pageLoadStrategy: normal, platform: WINDOWS, platformName: WINDOWS, proxy: Proxy(), setWindowRect: true, strictFileInteractability: false, timeouts: {implicit: 0, pageLoad: 300000, script: 30000}, unhandledPromptBehavior: dismiss and notify, webauthn:extension:credBlob: true, webauthn:extension:largeBlob: true, webauthn:virtualAuthenticators: true}&#10;Session ID: f15aebf0c759f586c86752481755ad5c&#13;&#10;&#9;at sun.reflect.NativeConstructorAccessorImpl.newInstance0(Native Method)&#13;&#10;&#9;at sun.reflect.NativeConstructorAccessorImpl.newInstance(Unknown Source)&#13;&#10;&#9;at sun.reflect.DelegatingConstructorAccessorImpl.newInstance(Unknown Source)&#13;&#10;&#9;at java.lang.reflect.Constructor.newInstance(Unknown Source)&#13;&#10;&#9;at org.openqa.selenium.remote.codec.w3c.W3CHttpResponseCodec.createException(W3CHttpResponseCodec.java:190)&#13;&#10;&#9;at org.openqa.selenium.remote.codec.w3c.W3CHttpResponseCodec.decode(W3CHttpResponseCodec.java:124)&#13;&#10;&#9;at org.openqa.selenium.remote.codec.w3c.W3CHttpResponseCodec.decode(W3CHttpResponseCodec.java:51)&#13;&#10;&#9;at org.openqa.selenium.remote.HttpCommandExecutor.execute(HttpCommandExecutor.java:161)&#13;&#10;&#9;at org.openqa.selenium.remote.service.DriverCommandExecutor.execute(DriverCommandExecutor.java:83)&#13;&#10;&#9;at org.openqa.selenium.remote.RemoteWebDriver.execute(RemoteWebDriver.java:577)&#13;&#10;&#9;at org.openqa.selenium.remote.RemoteWebDriver.perform(RemoteWebDriver.java:647)&#13;&#10;&#9;at org.openqa.selenium.interactions.Actions$BuiltAction.perform(Actions.java:613)&#13;&#10;&#9;at org.openqa.selenium.interactions.Actions.perform(Actions.java:569)&#13;&#10;&#9;at org.utilepackage.BaseClass.moveElementTo(BaseClass.java:125)&#13;&#10;&#9;at org.stepdefenition.HomeStepDefenitions.userShouldSelectTime(HomeStepDefenitions.java:124)&#13;&#10;&#9;at ✽.User should Select time(file:src/test/resources/FeatureFile/HomeAirline.feature:35)&#13;&#10;"><![CDATA[When User should type company name'GVsja'...................................passed
And User should type contact name'govind'...................................passed
And User should type contact number'9898787890'.............................passed
And User should type contact emailId'jijojoy@gmail.com'.....................passed
And User should type origin'canada'.........................................passed
And User should type destination'american'..................................passed
And User Should Select date.................................................passed
And User should Select time.................................................failed
And User Should select passanger............................................skipped
And User should select service style........................................skipped
And User should type comments'onnum illa poda'..............................skipped
And User should click the send button.......................................skipped

StackTrace:
org.openqa.selenium.ElementNotInteractableException: element not interactable: [object HTMLOptionElement] has no size and location
  (Session info: chrome=97.0.4692.71)
Build info: version: '4.0.0-alpha-1', revision: 'd1d3728cae', time: '2019-04-24T13:42:21'
System info: host: 'DESKTOP-401NSAT', ip: '192.168.42.70', os.name: 'Windows 10', os.arch: 'amd64', os.version: '10.0', java.version: '1.8.0_311'
Driver info: org.openqa.selenium.chrome.ChromeDriver
Capabilities {acceptInsecureCerts: false, browserName: chrome, browserVersion: 97.0.4692.71, chrome: {chromedriverVersion: 97.0.4692.71 (adefa7837d02a..., userDataDir: C:\Users\Asus\AppData\Local...}, goog:chromeOptions: {debuggerAddress: localhost:54880}, javascriptEnabled: true, networkConnectionEnabled: false, pageLoadStrategy: normal, platform: WINDOWS, platformName: WINDOWS, proxy: Proxy(), setWindowRect: true, strictFileInteractability: false, timeouts: {implicit: 0, pageLoad: 300000, script: 30000}, unhandledPromptBehavior: dismiss and notify, webauthn:extension:credBlob: true, webauthn:extension:largeBlob: true, webauthn:virtualAuthenticators: true}
Session ID: f15aebf0c759f586c86752481755ad5c
	at sun.reflect.NativeConstructorAccessorImpl.newInstance0(Native Method)
	at sun.reflect.NativeConstructorAccessorImpl.newInstance(Unknown Source)
	at sun.reflect.DelegatingConstructorAccessorImpl.newInstance(Unknown Source)
	at java.lang.reflect.Constructor.newInstance(Unknown Source)
	at org.openqa.selenium.remote.codec.w3c.W3CHttpResponseCodec.createException(W3CHttpResponseCodec.java:190)
	at org.openqa.selenium.remote.codec.w3c.W3CHttpResponseCodec.decode(W3CHttpResponseCodec.java:124)
	at org.openqa.selenium.remote.codec.w3c.W3CHttpResponseCodec.decode(W3CHttpResponseCodec.java:51)
	at org.openqa.selenium.remote.HttpCommandExecutor.execute(HttpCommandExecutor.java:161)
	at org.openqa.selenium.remote.service.DriverCommandExecutor.execute(DriverCommandExecutor.java:83)
	at org.openqa.selenium.remote.RemoteWebDriver.execute(RemoteWebDriver.java:577)
	at org.openqa.selenium.remote.RemoteWebDriver.perform(RemoteWebDriver.java:647)
	at org.openqa.selenium.interactions.Actions$BuiltAction.perform(Actions.java:613)
	at org.openqa.selenium.interactions.Actions.perform(Actions.java:569)
	at org.utilepackage.BaseClass.moveElementTo(BaseClass.java:125)
	at org.stepdefenition.HomeStepDefenitions.userShouldSelectTime(HomeStepDefenitions.java:124)
	at ✽.User should Select time(file:src/test/resources/FeatureFile/HomeAirline.feature:35)
]]></failure>
</testcase>
<testcase classname="To Validate the Home Page button Are Working Fine Or Not" name="Charter An Airlines To check the validation 2" time="12.713751">
<failure message="org.openqa.selenium.ElementNotInteractableException: element not interactable: [object HTMLOptionElement] has no size and location&#10;  (Session info: chrome=97.0.4692.71)&#10;Build info: version: '4.0.0-alpha-1', revision: 'd1d3728cae', time: '2019-04-24T13:42:21'&#10;System info: host: 'DESKTOP-401NSAT', ip: '192.168.42.70', os.name: 'Windows 10', os.arch: 'amd64', os.version: '10.0', java.version: '1.8.0_311'&#10;Driver info: org.openqa.selenium.chrome.ChromeDriver&#10;Capabilities {acceptInsecureCerts: false, browserName: chrome, browserVersion: 97.0.4692.71, chrome: {chromedriverVersion: 97.0.4692.71 (adefa7837d02a..., userDataDir: C:\Users\Asus\AppData\Local...}, goog:chromeOptions: {debuggerAddress: localhost:54926}, javascriptEnabled: true, networkConnectionEnabled: false, pageLoadStrategy: normal, platform: WINDOWS, platformName: WINDOWS, proxy: Proxy(), setWindowRect: true, strictFileInteractability: false, timeouts: {implicit: 0, pageLoad: 300000, script: 30000}, unhandledPromptBehavior: dismiss and notify, webauthn:extension:credBlob: true, webauthn:extension:largeBlob: true, webauthn:virtualAuthenticators: true}&#10;Session ID: 74b36d164cc423cf34b0c42bc20f2c01&#13;&#10;&#9;at sun.reflect.NativeConstructorAccessorImpl.newInstance0(Native Method)&#13;&#10;&#9;at sun.reflect.NativeConstructorAccessorImpl.newInstance(Unknown Source)&#13;&#10;&#9;at sun.reflect.DelegatingConstructorAccessorImpl.newInstance(Unknown Source)&#13;&#10;&#9;at java.lang.reflect.Constructor.newInstance(Unknown Source)&#13;&#10;&#9;at org.openqa.selenium.remote.codec.w3c.W3CHttpResponseCodec.createException(W3CHttpResponseCodec.java:190)&#13;&#10;&#9;at org.openqa.selenium.remote.codec.w3c.W3CHttpResponseCodec.decode(W3CHttpResponseCodec.java:124)&#13;&#10;&#9;at org.openqa.selenium.remote.codec.w3c.W3CHttpResponseCodec.decode(W3CHttpResponseCodec.java:51)&#13;&#10;&#9;at org.openqa.selenium.remote.HttpCommandExecutor.execute(HttpCommandExecutor.java:161)&#13;&#10;&#9;at org.openqa.selenium.remote.service.DriverCommandExecutor.execute(DriverCommandExecutor.java:83)&#13;&#10;&#9;at org.openqa.selenium.remote.RemoteWebDriver.execute(RemoteWebDriver.java:577)&#13;&#10;&#9;at org.openqa.selenium.remote.RemoteWebDriver.perform(RemoteWebDriver.java:647)&#13;&#10;&#9;at org.openqa.selenium.interactions.Actions$BuiltAction.perform(Actions.java:613)&#13;&#10;&#9;at org.openqa.selenium.interactions.Actions.perform(Actions.java:569)&#13;&#10;&#9;at org.utilepackage.BaseClass.moveElementTo(BaseClass.java:125)&#13;&#10;&#9;at org.stepdefenition.HomeStepDefenitions.userShouldSelectTime(HomeStepDefenitions.java:124)&#13;&#10;&#9;at ✽.User should Select time(file:src/test/resources/FeatureFile/HomeAirline.feature:35)&#13;&#10;"><![CDATA[When User should type company name'joyss'...................................passed
And User should type contact name'daviden'..................................passed
And User should type contact number'9876543457'.............................passed
And User should type contact emailId'joyalukas@ymail.com'...................passed
And User should type origin'singapur'.......................................passed
And User should type destination'kannamapet'................................passed
And User Should Select date.................................................passed
And User should Select time.................................................failed
And User Should select passanger............................................skipped
And User should select service style........................................skipped
And User should type comments'vera level flight'............................skipped
And User should click the send button.......................................skipped

StackTrace:
org.openqa.selenium.ElementNotInteractableException: element not interactable: [object HTMLOptionElement] has no size and location
  (Session info: chrome=97.0.4692.71)
Build info: version: '4.0.0-alpha-1', revision: 'd1d3728cae', time: '2019-04-24T13:42:21'
System info: host: 'DESKTOP-401NSAT', ip: '192.168.42.70', os.name: 'Windows 10', os.arch: 'amd64', os.version: '10.0', java.version: '1.8.0_311'
Driver info: org.openqa.selenium.chrome.ChromeDriver
Capabilities {acceptInsecureCerts: false, browserName: chrome, browserVersion: 97.0.4692.71, chrome: {chromedriverVersion: 97.0.4692.71 (adefa7837d02a..., userDataDir: C:\Users\Asus\AppData\Local...}, goog:chromeOptions: {debuggerAddress: localhost:54926}, javascriptEnabled: true, networkConnectionEnabled: false, pageLoadStrategy: normal, platform: WINDOWS, platformName: WINDOWS, proxy: Proxy(), setWindowRect: true, strictFileInteractability: false, timeouts: {implicit: 0, pageLoad: 300000, script: 30000}, unhandledPromptBehavior: dismiss and notify, webauthn:extension:credBlob: true, webauthn:extension:largeBlob: true, webauthn:virtualAuthenticators: true}
Session ID: 74b36d164cc423cf34b0c42bc20f2c01
	at sun.reflect.NativeConstructorAccessorImpl.newInstance0(Native Method)
	at sun.reflect.NativeConstructorAccessorImpl.newInstance(Unknown Source)
	at sun.reflect.DelegatingConstructorAccessorImpl.newInstance(Unknown Source)
	at java.lang.reflect.Constructor.newInstance(Unknown Source)
	at org.openqa.selenium.remote.codec.w3c.W3CHttpResponseCodec.createException(W3CHttpResponseCodec.java:190)
	at org.openqa.selenium.remote.codec.w3c.W3CHttpResponseCodec.decode(W3CHttpResponseCodec.java:124)
	at org.openqa.selenium.remote.codec.w3c.W3CHttpResponseCodec.decode(W3CHttpResponseCodec.java:51)
	at org.openqa.selenium.remote.HttpCommandExecutor.execute(HttpCommandExecutor.java:161)
	at org.openqa.selenium.remote.service.DriverCommandExecutor.execute(DriverCommandExecutor.java:83)
	at org.openqa.selenium.remote.RemoteWebDriver.execute(RemoteWebDriver.java:577)
	at org.openqa.selenium.remote.RemoteWebDriver.perform(RemoteWebDriver.java:647)
	at org.openqa.selenium.interactions.Actions$BuiltAction.perform(Actions.java:613)
	at org.openqa.selenium.interactions.Actions.perform(Actions.java:569)
	at org.utilepackage.BaseClass.moveElementTo(BaseClass.java:125)
	at org.stepdefenition.HomeStepDefenitions.userShouldSelectTime(HomeStepDefenitions.java:124)
	at ✽.User should Select time(file:src/test/resources/FeatureFile/HomeAirline.feature:35)
]]></failure>
</testcase>
<testcase classname="To Validate the Home Page button Are Working Fine Or Not" name="Charter An Airlines To check the validation 3" time="10.619256">
<failure message="org.openqa.selenium.ElementNotInteractableException: element not interactable: [object HTMLOptionElement] has no size and location&#10;  (Session info: chrome=97.0.4692.71)&#10;Build info: version: '4.0.0-alpha-1', revision: 'd1d3728cae', time: '2019-04-24T13:42:21'&#10;System info: host: 'DESKTOP-401NSAT', ip: '192.168.42.70', os.name: 'Windows 10', os.arch: 'amd64', os.version: '10.0', java.version: '1.8.0_311'&#10;Driver info: org.openqa.selenium.chrome.ChromeDriver&#10;Capabilities {acceptInsecureCerts: false, browserName: chrome, browserVersion: 97.0.4692.71, chrome: {chromedriverVersion: 97.0.4692.71 (adefa7837d02a..., userDataDir: C:\Users\Asus\AppData\Local...}, goog:chromeOptions: {debuggerAddress: localhost:54969}, javascriptEnabled: true, networkConnectionEnabled: false, pageLoadStrategy: normal, platform: WINDOWS, platformName: WINDOWS, proxy: Proxy(), setWindowRect: true, strictFileInteractability: false, timeouts: {implicit: 0, pageLoad: 300000, script: 30000}, unhandledPromptBehavior: dismiss and notify, webauthn:extension:credBlob: true, webauthn:extension:largeBlob: true, webauthn:virtualAuthenticators: true}&#10;Session ID: d3b7f795fbbef0f145b864c6b153e124&#13;&#10;&#9;at sun.reflect.NativeConstructorAccessorImpl.newInstance0(Native Method)&#13;&#10;&#9;at sun.reflect.NativeConstructorAccessorImpl.newInstance(Unknown Source)&#13;&#10;&#9;at sun.reflect.DelegatingConstructorAccessorImpl.newInstance(Unknown Source)&#13;&#10;&#9;at java.lang.reflect.Constructor.newInstance(Unknown Source)&#13;&#10;&#9;at org.openqa.selenium.remote.codec.w3c.W3CHttpResponseCodec.createException(W3CHttpResponseCodec.java:190)&#13;&#10;&#9;at org.openqa.selenium.remote.codec.w3c.W3CHttpResponseCodec.decode(W3CHttpResponseCodec.java:124)&#13;&#10;&#9;at org.openqa.selenium.remote.codec.w3c.W3CHttpResponseCodec.decode(W3CHttpResponseCodec.java:51)&#13;&#10;&#9;at org.openqa.selenium.remote.HttpCommandExecutor.execute(HttpCommandExecutor.java:161)&#13;&#10;&#9;at org.openqa.selenium.remote.service.DriverCommandExecutor.execute(DriverCommandExecutor.java:83)&#13;&#10;&#9;at org.openqa.selenium.remote.RemoteWebDriver.execute(RemoteWebDriver.java:577)&#13;&#10;&#9;at org.openqa.selenium.remote.RemoteWebDriver.perform(RemoteWebDriver.java:647)&#13;&#10;&#9;at org.openqa.selenium.interactions.Actions$BuiltAction.perform(Actions.java:613)&#13;&#10;&#9;at org.openqa.selenium.interactions.Actions.perform(Actions.java:569)&#13;&#10;&#9;at org.utilepackage.BaseClass.moveElementTo(BaseClass.java:125)&#13;&#10;&#9;at org.stepdefenition.HomeStepDefenitions.userShouldSelectTime(HomeStepDefenitions.java:124)&#13;&#10;&#9;at ✽.User should Select time(file:src/test/resources/FeatureFile/HomeAirline.feature:35)&#13;&#10;"><![CDATA[When User should type company name'joijo'...................................passed
And User should type contact name'jinjo'....................................passed
And User should type contact number'90989098789'............................passed
And User should type contact emailId'jinjo@gmail.com'.......................passed
And User should type origin'kanchipuram'....................................passed
And User should type destination'perumbakkam'...............................passed
And User Should Select date.................................................passed
And User should Select time.................................................failed
And User Should select passanger............................................skipped
And User should select service style........................................skipped
And User should type comments'hi iam taking flight to kanchipuram so please give me a best price'.skipped
And User should click the send button.......................................skipped

StackTrace:
org.openqa.selenium.ElementNotInteractableException: element not interactable: [object HTMLOptionElement] has no size and location
  (Session info: chrome=97.0.4692.71)
Build info: version: '4.0.0-alpha-1', revision: 'd1d3728cae', time: '2019-04-24T13:42:21'
System info: host: 'DESKTOP-401NSAT', ip: '192.168.42.70', os.name: 'Windows 10', os.arch: 'amd64', os.version: '10.0', java.version: '1.8.0_311'
Driver info: org.openqa.selenium.chrome.ChromeDriver
Capabilities {acceptInsecureCerts: false, browserName: chrome, browserVersion: 97.0.4692.71, chrome: {chromedriverVersion: 97.0.4692.71 (adefa7837d02a..., userDataDir: C:\Users\Asus\AppData\Local...}, goog:chromeOptions: {debuggerAddress: localhost:54969}, javascriptEnabled: true, networkConnectionEnabled: false, pageLoadStrategy: normal, platform: WINDOWS, platformName: WINDOWS, proxy: Proxy(), setWindowRect: true, strictFileInteractability: false, timeouts: {implicit: 0, pageLoad: 300000, script: 30000}, unhandledPromptBehavior: dismiss and notify, webauthn:extension:credBlob: true, webauthn:extension:largeBlob: true, webauthn:virtualAuthenticators: true}
Session ID: d3b7f795fbbef0f145b864c6b153e124
	at sun.reflect.NativeConstructorAccessorImpl.newInstance0(Native Method)
	at sun.reflect.NativeConstructorAccessorImpl.newInstance(Unknown Source)
	at sun.reflect.DelegatingConstructorAccessorImpl.newInstance(Unknown Source)
	at java.lang.reflect.Constructor.newInstance(Unknown Source)
	at org.openqa.selenium.remote.codec.w3c.W3CHttpResponseCodec.createException(W3CHttpResponseCodec.java:190)
	at org.openqa.selenium.remote.codec.w3c.W3CHttpResponseCodec.decode(W3CHttpResponseCodec.java:124)
	at org.openqa.selenium.remote.codec.w3c.W3CHttpResponseCodec.decode(W3CHttpResponseCodec.java:51)
	at org.openqa.selenium.remote.HttpCommandExecutor.execute(HttpCommandExecutor.java:161)
	at org.openqa.selenium.remote.service.DriverCommandExecutor.execute(DriverCommandExecutor.java:83)
	at org.openqa.selenium.remote.RemoteWebDriver.execute(RemoteWebDriver.java:577)
	at org.openqa.selenium.remote.RemoteWebDriver.perform(RemoteWebDriver.java:647)
	at org.openqa.selenium.interactions.Actions$BuiltAction.perform(Actions.java:613)
	at org.openqa.selenium.interactions.Actions.perform(Actions.java:569)
	at org.utilepackage.BaseClass.moveElementTo(BaseClass.java:125)
	at org.stepdefenition.HomeStepDefenitions.userShouldSelectTime(HomeStepDefenitions.java:124)
	at ✽.User should Select time(file:src/test/resources/FeatureFile/HomeAirline.feature:35)
]]></failure>
</testcase>
<testcase classname="To check the Where We Fly button of Alliance Airlines Page" name="Weather the WHERE WE FLY button click load the where we fly page be open" time="21.668659">
<system-out><![CDATA[Given User Should Display the Message.......................................passed
When User should click where we fly button..................................passed
And The page will be load and print titile & url............................passed
Then User Verify the page is load or not....................................passed
]]></system-out>
</testcase>
</testsuite>
